[INFO]                                                                         
[INFO] ------------------------------------------------------------------------
[INFO] Building Multi 1 3.7-SNAPSHOT
[INFO] ------------------------------------------------------------------------
[INFO] 
[8mha:////4JY0yFLa1sNeAG33byLUXYrcqum9hx8wS+21YC4p6LCFAAAAYB+LCAAAAAAAAP9b85aBtbiIQSmjNKU4P0+vJLE4u1gvPjexLDVPzxdEGvvmZ+X75ZekLlOVfvTjc8FPJgaGiiIGKaiG5Py84vycVD1nCA1SyAABjCCFBQCV27OjYAAAAA==[0m[INFO] --- maven-resources-plugin:2.6:resources (default-resources) @ multi1 ---
[INFO] Using 'UTF-8' encoding to copy filtered resources.
[INFO] skip non existing resourceDirectory /var/jenkins_home/workspace/maven-example/maven-example/multi1/src/main/resources
[INFO] 
[8mha:////4JY0yFLa1sNeAG33byLUXYrcqum9hx8wS+21YC4p6LCFAAAAYB+LCAAAAAAAAP9b85aBtbiIQSmjNKU4P0+vJLE4u1gvPjexLDVPzxdEGvvmZ+X75ZekLlOVfvTjc8FPJgaGiiIGKaiG5Py84vycVD1nCA1SyAABjCCFBQCV27OjYAAAAA==[0m[INFO] --- maven-compiler-plugin:3.2:compile (default-compile) @ multi1 ---
[INFO] Nothing to compile - all classes are up to date
[INFO] 
[8mha:////4JY0yFLa1sNeAG33byLUXYrcqum9hx8wS+21YC4p6LCFAAAAYB+LCAAAAAAAAP9b85aBtbiIQSmjNKU4P0+vJLE4u1gvPjexLDVPzxdEGvvmZ+X75ZekLlOVfvTjc8FPJgaGiiIGKaiG5Py84vycVD1nCA1SyAABjCCFBQCV27OjYAAAAA==[0m[INFO] --- maven-resources-plugin:2.6:testResources (default-testResources) @ multi1 ---
[INFO] Using 'UTF-8' encoding to copy filtered resources.
[INFO] skip non existing resourceDirectory /var/jenkins_home/workspace/maven-example/maven-example/multi1/src/test/resources
[INFO] 
[8mha:////4JY0yFLa1sNeAG33byLUXYrcqum9hx8wS+21YC4p6LCFAAAAYB+LCAAAAAAAAP9b85aBtbiIQSmjNKU4P0+vJLE4u1gvPjexLDVPzxdEGvvmZ+X75ZekLlOVfvTjc8FPJgaGiiIGKaiG5Py84vycVD1nCA1SyAABjCCFBQCV27OjYAAAAA==[0m[INFO] --- maven-compiler-plugin:3.2:testCompile (default-testCompile) @ multi1 ---
[INFO] Nothing to compile - all classes are up to date
[INFO] 
[8mha:////4JY0yFLa1sNeAG33byLUXYrcqum9hx8wS+21YC4p6LCFAAAAYB+LCAAAAAAAAP9b85aBtbiIQSmjNKU4P0+vJLE4u1gvPjexLDVPzxdEGvvmZ+X75ZekLlOVfvTjc8FPJgaGiiIGKaiG5Py84vycVD1nCA1SyAABjCCFBQCV27OjYAAAAA==[0m[INFO] --- maven-surefire-plugin:2.17:test (default-test) @ multi1 ---
[INFO] Surefire report directory: /var/jenkins_home/workspace/maven-example/maven-example/multi1/target/surefire-reports

-------------------------------------------------------
 T E S T S
-------------------------------------------------------
Error: Could not find or load main class org.apache.maven.surefire.booter.ForkedBooter

Results :

Tests run: 0, Failures: 0, Errors: 0, Skipped: 0

[JENKINS] Recording test results
[8mha:////4PdF+sn7LGHNZdCREAxeU7ObIYnD+q92CypC9qY93VKAAAAAYB+LCAAAAAAAAP9b85aBtbiIQSmjNKU4P0+vJLE4u1gvPjexLDVPzxdEuhYV5Rf55ZekOlc7RKnPKH7IxMBQUcQgBdWQnJ9XnJ+TqucMoUEKGSCAEaSwAACsNFCqYAAAAA==[0m[ERROR] Failed to execute goal org.apache.maven.plugins:maven-surefire-plugin:2.17:test (default-test) on project multi1: Execution default-test of goal org.apache.maven.plugins:maven-surefire-plugin:2.17:test failed: The forked VM terminated without properly saying goodbye. VM crash or System.exit called?
[8mha:////4PdF+sn7LGHNZdCREAxeU7ObIYnD+q92CypC9qY93VKAAAAAYB+LCAAAAAAAAP9b85aBtbiIQSmjNKU4P0+vJLE4u1gvPjexLDVPzxdEuhYV5Rf55ZekOlc7RKnPKH7IxMBQUcQgBdWQnJ9XnJ+TqucMoUEKGSCAEaSwAACsNFCqYAAAAA==[0m[ERROR] Command was /bin/sh -c cd /var/jenkins_home/workspace/maven-example/maven-example/multi1 && /usr/lib/jvm/java-8-openjdk-amd64/jre/bin/java -jar /var/jenkins_home/workspace/maven-example/maven-example/multi1/target/surefire/surefirebooter5240794037997386851.jar /var/jenkins_home/workspace/maven-example/maven-example/multi1/target/surefire/surefire8837666745932954630tmp /var/jenkins_home/workspace/maven-example/maven-example/multi1/target/surefire/surefire_02043333627569672064tmp
[8mha:////4PdF+sn7LGHNZdCREAxeU7ObIYnD+q92CypC9qY93VKAAAAAYB+LCAAAAAAAAP9b85aBtbiIQSmjNKU4P0+vJLE4u1gvPjexLDVPzxdEuhYV5Rf55ZekOlc7RKnPKH7IxMBQUcQgBdWQnJ9XnJ+TqucMoUEKGSCAEaSwAACsNFCqYAAAAA==[0m[ERROR] -> [Help 1]
[8mha:////4PdF+sn7LGHNZdCREAxeU7ObIYnD+q92CypC9qY93VKAAAAAYB+LCAAAAAAAAP9b85aBtbiIQSmjNKU4P0+vJLE4u1gvPjexLDVPzxdEuhYV5Rf55ZekOlc7RKnPKH7IxMBQUcQgBdWQnJ9XnJ+TqucMoUEKGSCAEaSwAACsNFCqYAAAAA==[0m[ERROR] 
[8mha:////4PdF+sn7LGHNZdCREAxeU7ObIYnD+q92CypC9qY93VKAAAAAYB+LCAAAAAAAAP9b85aBtbiIQSmjNKU4P0+vJLE4u1gvPjexLDVPzxdEuhYV5Rf55ZekOlc7RKnPKH7IxMBQUcQgBdWQnJ9XnJ+TqucMoUEKGSCAEaSwAACsNFCqYAAAAA==[0m[ERROR] To see the full stack trace of the errors, re-run Maven with the -e switch.
[8mha:////4PdF+sn7LGHNZdCREAxeU7ObIYnD+q92CypC9qY93VKAAAAAYB+LCAAAAAAAAP9b85aBtbiIQSmjNKU4P0+vJLE4u1gvPjexLDVPzxdEuhYV5Rf55ZekOlc7RKnPKH7IxMBQUcQgBdWQnJ9XnJ+TqucMoUEKGSCAEaSwAACsNFCqYAAAAA==[0m[ERROR] Re-run Maven using the -X switch to enable full debug logging.
[8mha:////4PdF+sn7LGHNZdCREAxeU7ObIYnD+q92CypC9qY93VKAAAAAYB+LCAAAAAAAAP9b85aBtbiIQSmjNKU4P0+vJLE4u1gvPjexLDVPzxdEuhYV5Rf55ZekOlc7RKnPKH7IxMBQUcQgBdWQnJ9XnJ+TqucMoUEKGSCAEaSwAACsNFCqYAAAAA==[0m[ERROR] 
[8mha:////4PdF+sn7LGHNZdCREAxeU7ObIYnD+q92CypC9qY93VKAAAAAYB+LCAAAAAAAAP9b85aBtbiIQSmjNKU4P0+vJLE4u1gvPjexLDVPzxdEuhYV5Rf55ZekOlc7RKnPKH7IxMBQUcQgBdWQnJ9XnJ+TqucMoUEKGSCAEaSwAACsNFCqYAAAAA==[0m[ERROR] For more information about the errors and possible solutions, please read the following articles:
[8mha:////4PdF+sn7LGHNZdCREAxeU7ObIYnD+q92CypC9qY93VKAAAAAYB+LCAAAAAAAAP9b85aBtbiIQSmjNKU4P0+vJLE4u1gvPjexLDVPzxdEuhYV5Rf55ZekOlc7RKnPKH7IxMBQUcQgBdWQnJ9XnJ+TqucMoUEKGSCAEaSwAACsNFCqYAAAAA==[0m[ERROR] [Help 1] http://cwiki.apache.org/confluence/display/MAVEN/PluginExecutionException
[8mha:////4PdF+sn7LGHNZdCREAxeU7ObIYnD+q92CypC9qY93VKAAAAAYB+LCAAAAAAAAP9b85aBtbiIQSmjNKU4P0+vJLE4u1gvPjexLDVPzxdEuhYV5Rf55ZekOlc7RKnPKH7IxMBQUcQgBdWQnJ9XnJ+TqucMoUEKGSCAEaSwAACsNFCqYAAAAA==[0m[ERROR] 
[8mha:////4PdF+sn7LGHNZdCREAxeU7ObIYnD+q92CypC9qY93VKAAAAAYB+LCAAAAAAAAP9b85aBtbiIQSmjNKU4P0+vJLE4u1gvPjexLDVPzxdEuhYV5Rf55ZekOlc7RKnPKH7IxMBQUcQgBdWQnJ9XnJ+TqucMoUEKGSCAEaSwAACsNFCqYAAAAA==[0m[ERROR] After correcting the problems, you can resume the build with the command
[8mha:////4PdF+sn7LGHNZdCREAxeU7ObIYnD+q92CypC9qY93VKAAAAAYB+LCAAAAAAAAP9b85aBtbiIQSmjNKU4P0+vJLE4u1gvPjexLDVPzxdEuhYV5Rf55ZekOlc7RKnPKH7IxMBQUcQgBdWQnJ9XnJ+TqucMoUEKGSCAEaSwAACsNFCqYAAAAA==[0m[ERROR]   mvn <goals> -rf :multi1
